The system is: Windows - 10.0.19045 - AMD64
Compiling the CXX compiler identification source file "CMakeCXXCompilerId.cpp" succeeded.
Compiler: C:/Program Files (x86)/Microsoft Visual Studio/2019/Community/VC/Tools/MSVC/14.29.30133/bin/Hostx64/x64/cl.exe 
Build flags: 
Id flags:  

The output was:
0
Оптимизирующий компилятор Microsoft (R) C/C++ версии 19.29.30153 для x64
(C) Корпорация Майкрософт (Microsoft Corporation).  Все права защищены.

CMakeCXXCompilerId.cpp
Microsoft (R) Incremental Linker Version 14.29.30153.0
Copyright (C) Microsoft Corporation.  All rights reserved.

/out:CMakeCXXCompilerId.exe 
CMakeCXXCompilerId.obj 


Compilation of the CXX compiler identification source "CMakeCXXCompilerId.cpp" produced "CMakeCXXCompilerId.exe"

Compilation of the CXX compiler identification source "CMakeCXXCompilerId.cpp" produced "CMakeCXXCompilerId.obj"

The CXX compiler identification is MSVC, found in "C:/Users/Халил/Desktop/VSProjects/Tetris/Tetris/out/build/x64-Debug/CMakeFiles/3.20.21032501-MSVC_2/CompilerIdCXX/CMakeCXXCompilerId.exe"

Detecting CXX compiler ABI info compiled with the following output:
Change Dir: C:/Users/Халил/Desktop/VSProjects/Tetris/Tetris/out/build/x64-Debug/CMakeFiles/CMakeTmp

Run Build Command(s):C:/Program Files (x86)/Microsoft Visual Studio/2019/Community/Common7/IDE/CommonExtensions/Microsoft/CMake/Ninja/ninja.exe cmTC_ea676 && [1/2] Building CXX object CMakeFiles\cmTC_ea676.dir\CMakeCXXCompilerABI.cpp.obj
[2/2] Linking CXX executable cmTC_ea676.exe



Compiling the C compiler identification source file "CMakeCCompilerId.c" succeeded.
Compiler: C:/Program Files (x86)/Microsoft Visual Studio/2019/Community/VC/Tools/MSVC/14.29.30133/bin/Hostx64/x64/cl.exe 
Build flags: 
Id flags:  

The output was:
0
Оптимизирующий компилятор Microsoft (R) C/C++ версии 19.29.30153 для x64
(C) Корпорация Майкрософт (Microsoft Corporation).  Все права защищены.

CMakeCCompilerId.c
Microsoft (R) Incremental Linker Version 14.29.30153.0
Copyright (C) Microsoft Corporation.  All rights reserved.

/out:CMakeCCompilerId.exe 
CMakeCCompilerId.obj 


Compilation of the C compiler identification source "CMakeCCompilerId.c" produced "CMakeCCompilerId.exe"

Compilation of the C compiler identification source "CMakeCCompilerId.c" produced "CMakeCCompilerId.obj"

The C compiler identification is MSVC, found in "C:/Users/Халил/Desktop/VSProjects/Tetris/Tetris/out/build/x64-Debug/CMakeFiles/3.20.21032501-MSVC_2/CompilerIdC/CMakeCCompilerId.exe"

Detecting C compiler ABI info compiled with the following output:
Change Dir: C:/Users/Халил/Desktop/VSProjects/Tetris/Tetris/out/build/x64-Debug/CMakeFiles/CMakeTmp

Run Build Command(s):C:/Program Files (x86)/Microsoft Visual Studio/2019/Community/Common7/IDE/CommonExtensions/Microsoft/CMake/Ninja/ninja.exe cmTC_ad701 && [1/2] Building C object CMakeFiles\cmTC_ad701.dir\CMakeCCompilerABI.c.obj
[2/2] Linking C executable cmTC_ad701.exe



Determining if the include file sys/types.h exists passed with the following output:
Change Dir: C:/Users/Халил/Desktop/VSProjects/Tetris/Tetris/out/build/x64-Debug/CMakeFiles/CMakeTmp

Run Build Command(s):C:/Program Files (x86)/Microsoft Visual Studio/2019/Community/Common7/IDE/CommonExtensions/Microsoft/CMake/Ninja/ninja.exe cmTC_8d37b && [1/2] Building C object CMakeFiles\cmTC_8d37b.dir\CheckIncludeFile.c.obj
[2/2] Linking C executable cmTC_8d37b.exe



Determining if the include file stdint.h exists passed with the following output:
Change Dir: C:/Users/Халил/Desktop/VSProjects/Tetris/Tetris/out/build/x64-Debug/CMakeFiles/CMakeTmp

Run Build Command(s):C:/Program Files (x86)/Microsoft Visual Studio/2019/Community/Common7/IDE/CommonExtensions/Microsoft/CMake/Ninja/ninja.exe cmTC_fbc04 && [1/2] Building C object CMakeFiles\cmTC_fbc04.dir\CheckIncludeFile.c.obj
[2/2] Linking C executable cmTC_fbc04.exe



Determining if the include file stddef.h exists passed with the following output:
Change Dir: C:/Users/Халил/Desktop/VSProjects/Tetris/Tetris/out/build/x64-Debug/CMakeFiles/CMakeTmp

Run Build Command(s):C:/Program Files (x86)/Microsoft Visual Studio/2019/Community/Common7/IDE/CommonExtensions/Microsoft/CMake/Ninja/ninja.exe cmTC_fcd12 && [1/2] Building C object CMakeFiles\cmTC_fcd12.dir\CheckIncludeFile.c.obj
[2/2] Linking C executable cmTC_fcd12.exe



Determining size of void* passed with the following output:
Change Dir: C:/Users/Халил/Desktop/VSProjects/Tetris/Tetris/out/build/x64-Debug/CMakeFiles/CMakeTmp

Run Build Command(s):C:/Program Files (x86)/Microsoft Visual Studio/2019/Community/Common7/IDE/CommonExtensions/Microsoft/CMake/Ninja/ninja.exe cmTC_ee064 && [1/2] Building C object CMakeFiles\cmTC_ee064.dir\SIZEOF_VOID_PTR.c.obj
[2/2] Linking C executable cmTC_ee064.exe



